17:25:10.077 [main] ERROR o.s.b.SpringApplication - [reportFailure,820] - Application run failed
org.springframework.beans.factory.BeanCreationException: Error creating bean with name 'sysUserMapper' defined in file [D:\Project\OnlineOJ\be\sin-oj\oj-modules\oj-system\target\classes\com\sintao\system\mapper\SysUserMapper.class]: IGNORED
	at org.springframework.beans.factory.support.AbstractAutowireCapableBeanFactory.initializeBean(AbstractAutowireCapableBeanFactory.java:1751)
	at org.springframework.beans.factory.support.AbstractAutowireCapableBeanFactory.doCreateBean(AbstractAutowireCapableBeanFactory.java:599)
	at org.springframework.beans.factory.support.AbstractAutowireCapableBeanFactory.createBean(AbstractAutowireCapableBeanFactory.java:521)
	at org.springframework.beans.factory.support.AbstractBeanFactory.lambda$doGetBean$0(AbstractBeanFactory.java:326)
	at org.springframework.beans.factory.support.DefaultSingletonBeanRegistry.getSingleton(DefaultSingletonBeanRegistry.java:234)
	at org.springframework.beans.factory.support.AbstractBeanFactory.doGetBean(AbstractBeanFactory.java:324)
	at org.springframework.beans.factory.support.AbstractBeanFactory.getBean(AbstractBeanFactory.java:200)
	at org.springframework.beans.factory.support.DefaultListableBeanFactory.preInstantiateSingletons(DefaultListableBeanFactory.java:955)
	at org.springframework.context.support.AbstractApplicationContext.finishBeanFactoryInitialization(AbstractApplicationContext.java:915)
	at org.springframework.context.support.AbstractApplicationContext.refresh(AbstractApplicationContext.java:584)
	at org.springframework.boot.web.servlet.context.ServletWebServerApplicationContext.refresh(ServletWebServerApplicationContext.java:146)
	at org.springframework.boot.SpringApplication.refresh(SpringApplication.java:730)
	at org.springframework.boot.SpringApplication.refreshContext(SpringApplication.java:432)
	at org.springframework.boot.SpringApplication.run(SpringApplication.java:308)
	at org.springframework.boot.SpringApplication.run(SpringApplication.java:1302)
	at org.springframework.boot.SpringApplication.run(SpringApplication.java:1291)
	at com.sintao.system.OjSystemApplication.main(OjSystemApplication.java:9)
Caused by: java.lang.NoSuchFieldError: IGNORED
	at com.baomidou.mybatisplus.core.metadata.TableFieldInfo.convertIf(TableFieldInfo.java:593)
	at com.baomidou.mybatisplus.core.metadata.TableFieldInfo.getInsertSqlColumnMaybeIf(TableFieldInfo.java:490)
	at com.baomidou.mybatisplus.core.metadata.TableInfo.lambda$getAllInsertSqlColumnMaybeIf$3(TableInfo.java:380)
	at java.base/java.util.stream.ReferencePipeline$3$1.accept(ReferencePipeline.java:197)
	at java.base/java.util.ArrayList$ArrayListSpliterator.forEachRemaining(ArrayList.java:1625)
	at java.base/java.util.stream.AbstractPipeline.copyInto(AbstractPipeline.java:509)
	at java.base/java.util.stream.AbstractPipeline.wrapAndCopyInto(AbstractPipeline.java:499)
	at java.base/java.util.stream.ReduceOps$ReduceOp.evaluateSequential(ReduceOps.java:921)
	at java.base/java.util.stream.AbstractPipeline.evaluate(AbstractPipeline.java:234)
	at java.base/java.util.stream.ReferencePipeline.collect(ReferencePipeline.java:682)
	at com.baomidou.mybatisplus.core.metadata.TableInfo.getAllInsertSqlColumnMaybeIf(TableInfo.java:381)
	at com.baomidou.mybatisplus.core.injector.methods.Insert.injectMappedStatement(Insert.java:83)
	at com.baomidou.mybatisplus.core.injector.AbstractMethod.inject(AbstractMethod.java:87)
	at com.baomidou.mybatisplus.core.injector.AbstractSqlInjector.lambda$inspectInject$0(AbstractSqlInjector.java:52)
	at java.base/java.util.ArrayList.forEach(ArrayList.java:1511)
	at com.baomidou.mybatisplus.core.injector.AbstractSqlInjector.inspectInject(AbstractSqlInjector.java:52)
	at com.baomidou.mybatisplus.core.MybatisMapperAnnotationBuilder.parserInjector(MybatisMapperAnnotationBuilder.java:130)
	at com.baomidou.mybatisplus.core.MybatisMapperAnnotationBuilder.parse(MybatisMapperAnnotationBuilder.java:120)
	at com.baomidou.mybatisplus.core.MybatisMapperRegistry.addMapper(MybatisMapperRegistry.java:90)
	at com.baomidou.mybatisplus.core.MybatisConfiguration.addMapper(MybatisConfiguration.java:129)
	at org.mybatis.spring.mapper.MapperFactoryBean.checkDaoConfig(MapperFactoryBean.java:80)
	at org.springframework.dao.support.DaoSupport.afterPropertiesSet(DaoSupport.java:44)
	at org.springframework.beans.factory.support.AbstractAutowireCapableBeanFactory.invokeInitMethods(AbstractAutowireCapableBeanFactory.java:1797)
	at org.springframework.beans.factory.support.AbstractAutowireCapableBeanFactory.initializeBean(AbstractAutowireCapableBeanFactory.java:1747)
	... 16 common frames omitted
17:27:13.755 [main] ERROR o.s.b.SpringApplication - [reportFailure,820] - Application run failed
org.springframework.beans.factory.BeanCreationException: Error creating bean with name 'sysUserMapper' defined in file [D:\Project\OnlineOJ\be\sin-oj\oj-modules\oj-system\target\classes\com\sintao\system\mapper\SysUserMapper.class]: IGNORED
	at org.springframework.beans.factory.support.AbstractAutowireCapableBeanFactory.initializeBean(AbstractAutowireCapableBeanFactory.java:1751)
	at org.springframework.beans.factory.support.AbstractAutowireCapableBeanFactory.doCreateBean(AbstractAutowireCapableBeanFactory.java:599)
	at org.springframework.beans.factory.support.AbstractAutowireCapableBeanFactory.createBean(AbstractAutowireCapableBeanFactory.java:521)
	at org.springframework.beans.factory.support.AbstractBeanFactory.lambda$doGetBean$0(AbstractBeanFactory.java:326)
	at org.springframework.beans.factory.support.DefaultSingletonBeanRegistry.getSingleton(DefaultSingletonBeanRegistry.java:234)
	at org.springframework.beans.factory.support.AbstractBeanFactory.doGetBean(AbstractBeanFactory.java:324)
	at org.springframework.beans.factory.support.AbstractBeanFactory.getBean(AbstractBeanFactory.java:200)
	at org.springframework.beans.factory.support.DefaultListableBeanFactory.preInstantiateSingletons(DefaultListableBeanFactory.java:955)
	at org.springframework.context.support.AbstractApplicationContext.finishBeanFactoryInitialization(AbstractApplicationContext.java:915)
	at org.springframework.context.support.AbstractApplicationContext.refresh(AbstractApplicationContext.java:584)
	at org.springframework.boot.web.servlet.context.ServletWebServerApplicationContext.refresh(ServletWebServerApplicationContext.java:146)
	at org.springframework.boot.SpringApplication.refresh(SpringApplication.java:730)
	at org.springframework.boot.SpringApplication.refreshContext(SpringApplication.java:432)
	at org.springframework.boot.SpringApplication.run(SpringApplication.java:308)
	at org.springframework.boot.SpringApplication.run(SpringApplication.java:1302)
	at org.springframework.boot.SpringApplication.run(SpringApplication.java:1291)
	at com.sintao.system.OjSystemApplication.main(OjSystemApplication.java:9)
Caused by: java.lang.NoSuchFieldError: IGNORED
	at com.baomidou.mybatisplus.core.metadata.TableFieldInfo.convertIf(TableFieldInfo.java:593)
	at com.baomidou.mybatisplus.core.metadata.TableFieldInfo.getInsertSqlColumnMaybeIf(TableFieldInfo.java:490)
	at com.baomidou.mybatisplus.core.metadata.TableInfo.lambda$getAllInsertSqlColumnMaybeIf$3(TableInfo.java:380)
	at java.base/java.util.stream.ReferencePipeline$3$1.accept(ReferencePipeline.java:197)
	at java.base/java.util.ArrayList$ArrayListSpliterator.forEachRemaining(ArrayList.java:1625)
	at java.base/java.util.stream.AbstractPipeline.copyInto(AbstractPipeline.java:509)
	at java.base/java.util.stream.AbstractPipeline.wrapAndCopyInto(AbstractPipeline.java:499)
	at java.base/java.util.stream.ReduceOps$ReduceOp.evaluateSequential(ReduceOps.java:921)
	at java.base/java.util.stream.AbstractPipeline.evaluate(AbstractPipeline.java:234)
	at java.base/java.util.stream.ReferencePipeline.collect(ReferencePipeline.java:682)
	at com.baomidou.mybatisplus.core.metadata.TableInfo.getAllInsertSqlColumnMaybeIf(TableInfo.java:381)
	at com.baomidou.mybatisplus.core.injector.methods.Insert.injectMappedStatement(Insert.java:83)
	at com.baomidou.mybatisplus.core.injector.AbstractMethod.inject(AbstractMethod.java:87)
	at com.baomidou.mybatisplus.core.injector.AbstractSqlInjector.lambda$inspectInject$0(AbstractSqlInjector.java:52)
	at java.base/java.util.ArrayList.forEach(ArrayList.java:1511)
	at com.baomidou.mybatisplus.core.injector.AbstractSqlInjector.inspectInject(AbstractSqlInjector.java:52)
	at com.baomidou.mybatisplus.core.MybatisMapperAnnotationBuilder.parserInjector(MybatisMapperAnnotationBuilder.java:130)
	at com.baomidou.mybatisplus.core.MybatisMapperAnnotationBuilder.parse(MybatisMapperAnnotationBuilder.java:120)
	at com.baomidou.mybatisplus.core.MybatisMapperRegistry.addMapper(MybatisMapperRegistry.java:90)
	at com.baomidou.mybatisplus.core.MybatisConfiguration.addMapper(MybatisConfiguration.java:129)
	at org.mybatis.spring.mapper.MapperFactoryBean.checkDaoConfig(MapperFactoryBean.java:80)
	at org.springframework.dao.support.DaoSupport.afterPropertiesSet(DaoSupport.java:44)
	at org.springframework.beans.factory.support.AbstractAutowireCapableBeanFactory.invokeInitMethods(AbstractAutowireCapableBeanFactory.java:1797)
	at org.springframework.beans.factory.support.AbstractAutowireCapableBeanFactory.initializeBean(AbstractAutowireCapableBeanFactory.java:1747)
	... 16 common frames omitted
17:34:09.933 [main] ERROR o.s.b.SpringApplication - [reportFailure,820] - Application run failed
org.springframework.beans.factory.BeanCreationException: Error creating bean with name 'sysUserMapper' defined in file [D:\Project\OnlineOJ\be\sin-oj\oj-modules\oj-system\target\classes\com\sintao\system\mapper\SysUserMapper.class]: IGNORED
	at org.springframework.beans.factory.support.AbstractAutowireCapableBeanFactory.initializeBean(AbstractAutowireCapableBeanFactory.java:1751)
	at org.springframework.beans.factory.support.AbstractAutowireCapableBeanFactory.doCreateBean(AbstractAutowireCapableBeanFactory.java:599)
	at org.springframework.beans.factory.support.AbstractAutowireCapableBeanFactory.createBean(AbstractAutowireCapableBeanFactory.java:521)
	at org.springframework.beans.factory.support.AbstractBeanFactory.lambda$doGetBean$0(AbstractBeanFactory.java:326)
	at org.springframework.beans.factory.support.DefaultSingletonBeanRegistry.getSingleton(DefaultSingletonBeanRegistry.java:234)
	at org.springframework.beans.factory.support.AbstractBeanFactory.doGetBean(AbstractBeanFactory.java:324)
	at org.springframework.beans.factory.support.AbstractBeanFactory.getBean(AbstractBeanFactory.java:200)
	at org.springframework.beans.factory.support.DefaultListableBeanFactory.preInstantiateSingletons(DefaultListableBeanFactory.java:955)
	at org.springframework.context.support.AbstractApplicationContext.finishBeanFactoryInitialization(AbstractApplicationContext.java:915)
	at org.springframework.context.support.AbstractApplicationContext.refresh(AbstractApplicationContext.java:584)
	at org.springframework.boot.web.servlet.context.ServletWebServerApplicationContext.refresh(ServletWebServerApplicationContext.java:146)
	at org.springframework.boot.SpringApplication.refresh(SpringApplication.java:730)
	at org.springframework.boot.SpringApplication.refreshContext(SpringApplication.java:432)
	at org.springframework.boot.SpringApplication.run(SpringApplication.java:308)
	at org.springframework.boot.SpringApplication.run(SpringApplication.java:1302)
	at org.springframework.boot.SpringApplication.run(SpringApplication.java:1291)
	at com.sintao.system.OjSystemApplication.main(OjSystemApplication.java:9)
Caused by: java.lang.NoSuchFieldError: IGNORED
	at com.baomidou.mybatisplus.core.metadata.TableFieldInfo.convertIf(TableFieldInfo.java:600)
	at com.baomidou.mybatisplus.core.metadata.TableFieldInfo.getInsertSqlColumnMaybeIf(TableFieldInfo.java:492)
	at com.baomidou.mybatisplus.core.metadata.TableInfo.lambda$getAllInsertSqlColumnMaybeIf$3(TableInfo.java:380)
	at java.base/java.util.stream.ReferencePipeline$3$1.accept(ReferencePipeline.java:197)
	at java.base/java.util.ArrayList$ArrayListSpliterator.forEachRemaining(ArrayList.java:1625)
	at java.base/java.util.stream.AbstractPipeline.copyInto(AbstractPipeline.java:509)
	at java.base/java.util.stream.AbstractPipeline.wrapAndCopyInto(AbstractPipeline.java:499)
	at java.base/java.util.stream.ReduceOps$ReduceOp.evaluateSequential(ReduceOps.java:921)
	at java.base/java.util.stream.AbstractPipeline.evaluate(AbstractPipeline.java:234)
	at java.base/java.util.stream.ReferencePipeline.collect(ReferencePipeline.java:682)
	at com.baomidou.mybatisplus.core.metadata.TableInfo.getAllInsertSqlColumnMaybeIf(TableInfo.java:381)
	at com.baomidou.mybatisplus.core.injector.methods.Insert.injectMappedStatement(Insert.java:83)
	at com.baomidou.mybatisplus.core.injector.AbstractMethod.inject(AbstractMethod.java:87)
	at com.baomidou.mybatisplus.core.injector.AbstractSqlInjector.lambda$inspectInject$0(AbstractSqlInjector.java:58)
	at java.base/java.util.ArrayList.forEach(ArrayList.java:1511)
	at com.baomidou.mybatisplus.core.injector.AbstractSqlInjector.inspectInject(AbstractSqlInjector.java:58)
	at com.baomidou.mybatisplus.core.MybatisMapperAnnotationBuilder.parserInjector(MybatisMapperAnnotationBuilder.java:126)
	at com.baomidou.mybatisplus.core.MybatisMapperAnnotationBuilder.parse(MybatisMapperAnnotationBuilder.java:116)
	at com.baomidou.mybatisplus.core.MybatisMapperRegistry.addMapper(MybatisMapperRegistry.java:90)
	at com.baomidou.mybatisplus.core.MybatisConfiguration.addMapper(MybatisConfiguration.java:129)
	at org.mybatis.spring.mapper.MapperFactoryBean.checkDaoConfig(MapperFactoryBean.java:80)
	at org.springframework.dao.support.DaoSupport.afterPropertiesSet(DaoSupport.java:44)
	at org.springframework.beans.factory.support.AbstractAutowireCapableBeanFactory.invokeInitMethods(AbstractAutowireCapableBeanFactory.java:1797)
	at org.springframework.beans.factory.support.AbstractAutowireCapableBeanFactory.initializeBean(AbstractAutowireCapableBeanFactory.java:1747)
	... 16 common frames omitted
17:37:57.031 [main] ERROR o.s.b.d.LoggingFailureAnalysisReporter - [report,40] - 

***************************
APPLICATION FAILED TO START
***************************

Description:

Field sysUserMapper in com.sintao.system.service.impl.SysUserServiceImpl required a bean of type 'com.sintao.system.mapper.SysUserMapper' that could not be found.

The injection point has the following annotations:
	- @org.springframework.beans.factory.annotation.Autowired(required=true)


Action:

Consider defining a bean of type 'com.sintao.system.mapper.SysUserMapper' in your configuration.

17:39:33.665 [main] ERROR o.s.b.SpringApplication - [reportFailure,820] - Application run failed
org.springframework.beans.factory.BeanCreationException: Error creating bean with name 'sysUserMapper' defined in file [D:\Project\OnlineOJ\be\sin-oj\oj-modules\oj-system\target\classes\com\sintao\system\mapper\SysUserMapper.class]: IGNORED
	at org.springframework.beans.factory.support.AbstractAutowireCapableBeanFactory.initializeBean(AbstractAutowireCapableBeanFactory.java:1751)
	at org.springframework.beans.factory.support.AbstractAutowireCapableBeanFactory.doCreateBean(AbstractAutowireCapableBeanFactory.java:599)
	at org.springframework.beans.factory.support.AbstractAutowireCapableBeanFactory.createBean(AbstractAutowireCapableBeanFactory.java:521)
	at org.springframework.beans.factory.support.AbstractBeanFactory.lambda$doGetBean$0(AbstractBeanFactory.java:326)
	at org.springframework.beans.factory.support.DefaultSingletonBeanRegistry.getSingleton(DefaultSingletonBeanRegistry.java:234)
	at org.springframework.beans.factory.support.AbstractBeanFactory.doGetBean(AbstractBeanFactory.java:324)
	at org.springframework.beans.factory.support.AbstractBeanFactory.getBean(AbstractBeanFactory.java:200)
	at org.springframework.beans.factory.support.DefaultListableBeanFactory.preInstantiateSingletons(DefaultListableBeanFactory.java:955)
	at org.springframework.context.support.AbstractApplicationContext.finishBeanFactoryInitialization(AbstractApplicationContext.java:915)
	at org.springframework.context.support.AbstractApplicationContext.refresh(AbstractApplicationContext.java:584)
	at org.springframework.boot.web.servlet.context.ServletWebServerApplicationContext.refresh(ServletWebServerApplicationContext.java:146)
	at org.springframework.boot.SpringApplication.refresh(SpringApplication.java:730)
	at org.springframework.boot.SpringApplication.refreshContext(SpringApplication.java:432)
	at org.springframework.boot.SpringApplication.run(SpringApplication.java:308)
	at org.springframework.boot.SpringApplication.run(SpringApplication.java:1302)
	at org.springframework.boot.SpringApplication.run(SpringApplication.java:1291)
	at com.sintao.system.OjSystemApplication.main(OjSystemApplication.java:10)
Caused by: java.lang.NoSuchFieldError: IGNORED
	at com.baomidou.mybatisplus.core.metadata.TableFieldInfo.convertIf(TableFieldInfo.java:600)
	at com.baomidou.mybatisplus.core.metadata.TableFieldInfo.getInsertSqlColumnMaybeIf(TableFieldInfo.java:492)
	at com.baomidou.mybatisplus.core.metadata.TableInfo.lambda$getAllInsertSqlColumnMaybeIf$3(TableInfo.java:380)
	at java.base/java.util.stream.ReferencePipeline$3$1.accept(ReferencePipeline.java:197)
	at java.base/java.util.ArrayList$ArrayListSpliterator.forEachRemaining(ArrayList.java:1625)
	at java.base/java.util.stream.AbstractPipeline.copyInto(AbstractPipeline.java:509)
	at java.base/java.util.stream.AbstractPipeline.wrapAndCopyInto(AbstractPipeline.java:499)
	at java.base/java.util.stream.ReduceOps$ReduceOp.evaluateSequential(ReduceOps.java:921)
	at java.base/java.util.stream.AbstractPipeline.evaluate(AbstractPipeline.java:234)
	at java.base/java.util.stream.ReferencePipeline.collect(ReferencePipeline.java:682)
	at com.baomidou.mybatisplus.core.metadata.TableInfo.getAllInsertSqlColumnMaybeIf(TableInfo.java:381)
	at com.baomidou.mybatisplus.core.injector.methods.Insert.injectMappedStatement(Insert.java:83)
	at com.baomidou.mybatisplus.core.injector.AbstractMethod.inject(AbstractMethod.java:87)
	at com.baomidou.mybatisplus.core.injector.AbstractSqlInjector.lambda$inspectInject$0(AbstractSqlInjector.java:58)
	at java.base/java.util.ArrayList.forEach(ArrayList.java:1511)
	at com.baomidou.mybatisplus.core.injector.AbstractSqlInjector.inspectInject(AbstractSqlInjector.java:58)
	at com.baomidou.mybatisplus.core.MybatisMapperAnnotationBuilder.parserInjector(MybatisMapperAnnotationBuilder.java:126)
	at com.baomidou.mybatisplus.core.MybatisMapperAnnotationBuilder.parse(MybatisMapperAnnotationBuilder.java:116)
	at com.baomidou.mybatisplus.core.MybatisMapperRegistry.addMapper(MybatisMapperRegistry.java:90)
	at com.baomidou.mybatisplus.core.MybatisConfiguration.addMapper(MybatisConfiguration.java:129)
	at org.mybatis.spring.mapper.MapperFactoryBean.checkDaoConfig(MapperFactoryBean.java:80)
	at org.springframework.dao.support.DaoSupport.afterPropertiesSet(DaoSupport.java:44)
	at org.springframework.beans.factory.support.AbstractAutowireCapableBeanFactory.invokeInitMethods(AbstractAutowireCapableBeanFactory.java:1797)
	at org.springframework.beans.factory.support.AbstractAutowireCapableBeanFactory.initializeBean(AbstractAutowireCapableBeanFactory.java:1747)
	... 16 common frames omitted
